<?xml version="1.0" encoding="UTF-8"?>
<!DOCTYPE html PUBLIC "-//W3C//DTD XHTML 1.0 Strict//EN" "http://www.w3.org/TR/xhtml1/DTD/xhtml1-strict.dtd">
<html xmlns="http://www.w3.org/1999/xhtml">
<head>
    <title>bank_omscaseBankunion测试报告</title>
    <meta name="generator" content="HTMLTestRunner 0.8.2"/>
    <meta http-equiv="Content-Type" content="text/html; charset=UTF-8"/>
    
<style type="text/css" media="screen">
body        { font-family: verdana, arial, helvetica, sans-serif; font-size: 80%; }
table       { font-size: 100%; }
pre         { }

/* -- heading ---------------------------------------------------------------------- */
h1 {
	font-size: 16pt;
	color: gray;
}
.heading {
    margin-top: 0ex;
    margin-bottom: 1ex;
}

.heading .attribute {
    margin-top: 1ex;
    margin-bottom: 0;
}

.heading .description {
    margin-top: 4ex;
    margin-bottom: 6ex;
}

/* -- css div popup ------------------------------------------------------------------------ */
a.popup_link {
}

a.popup_link:hover {
    color: red;
}

.popup_window {
    display: none;
    position: relative;
    left: 0px;
    top: 0px;
    /*border: solid #627173 1px; */
    padding: 10px;
    background-color: #E6E6D6;
    font-family: "Lucida Console", "Courier New", Courier, monospace;
    text-align: left;
    font-size: 8pt;
    width: 500px;
}

}
/* -- report ------------------------------------------------------------------------ */
#show_detail_line {
    margin-top: 3ex;
    margin-bottom: 1ex;
}
#result_table {
    width: 80%;
    border-collapse: collapse;
    border: 1px solid #777;
}
#header_row {
    font-weight: bold;
    color: white;
    background-color: #777;
}
#result_table td {
    border: 1px solid #777;
    padding: 2px;
}
#total_row  { font-weight: bold; }
.passClass  { background-color: #6c6; }
.failClass  { background-color: #c60; }
.errorClass { background-color: #c00; }
.passCase   { color: #6c6; }
.failCase   { color: #c60; font-weight: bold; }
.errorCase  { color: #c00; font-weight: bold; }
.hiddenRow  { display: none; }
.testcase   { margin-left: 2em; }


/* -- ending ---------------------------------------------------------------------- */
#ending {
}

</style>

</head>
<body>
<script language="javascript" type="text/javascript"><!--
output_list = Array();

/* level - 0:Summary; 1:Failed; 2:All */
function showCase(level) {
    trs = document.getElementsByTagName("tr");
    for (var i = 0; i < trs.length; i++) {
        tr = trs[i];
        id = tr.id;
        if (id.substr(0,2) == 'ft') {
            if (level < 1) {
                tr.className = 'hiddenRow';
            }
            else {
                tr.className = '';
            }
        }
        if (id.substr(0,2) == 'pt') {
            if (level > 1) {
                tr.className = '';
            }
            else {
                tr.className = 'hiddenRow';
            }
        }
    }
}


function showClassDetail(cid, count) {
    var id_list = Array(count);
    var toHide = 1;
    for (var i = 0; i < count; i++) {
        tid0 = 't' + cid.substr(1) + '.' + (i+1);
        tid = 'f' + tid0;
        tr = document.getElementById(tid);
        if (!tr) {
            tid = 'p' + tid0;
            tr = document.getElementById(tid);
        }
        id_list[i] = tid;
        if (tr.className) {
            toHide = 0;
        }
    }
    for (var i = 0; i < count; i++) {
        tid = id_list[i];
        if (toHide) {
            document.getElementById('div_'+tid).style.display = 'none'
            document.getElementById(tid).className = 'hiddenRow';
        }
        else {
            document.getElementById(tid).className = '';
        }
    }
}


function showTestDetail(div_id){
    var details_div = document.getElementById(div_id)
    var displayState = details_div.style.display
    // alert(displayState)
    if (displayState != 'block' ) {
        displayState = 'block'
        details_div.style.display = 'block'
    }
    else {
        details_div.style.display = 'none'
    }
}


function html_escape(s) {
    s = s.replace(/&/g,'&amp;');
    s = s.replace(/</g,'&lt;');
    s = s.replace(/>/g,'&gt;');
    return s;
}

/* obsoleted by detail in <div>
function showOutput(id, name) {
    var w = window.open("", //url
                    name,
                    "resizable,scrollbars,status,width=800,height=450");
    d = w.document;
    d.write("<pre>");
    d.write(html_escape(output_list[id]));
    d.write("\n");
    d.write("<a href='javascript:window.close()'>close</a>\n");
    d.write("</pre>\n");
    d.close();
}
*/
--></script>

<div class='heading'>
<h1>bank_omscaseBankunion测试报告</h1>
<p class='attribute'><strong>Start Time:</strong> 2016-03-10 11:03:51</p>
<p class='attribute'><strong>Duration:</strong> 0:02:03.941288</p>
<p class='attribute'><strong>Status:</strong> Pass 5</p>

<p class='description'></p>
</div>



<p id='show_detail_line'>Show
<a href='javascript:showCase(0)'>Summary</a>
<a href='javascript:showCase(1)'>Failed</a>
<a href='javascript:showCase(2)'>All</a>
</p>
<table id='result_table'>
<colgroup>
<col align='left' />
<col align='right' />
<col align='right' />
<col align='right' />
<col align='right' />
<col align='right' />
</colgroup>
<tr id='header_row'>
    <td>Test Group/Test case</td>
    <td>Count</td>
    <td>Pass</td>
    <td>Fail</td>
    <td>Error</td>
    <td>View</td>
</tr>

<tr class='passClass'>
    <td>test_jinjian.Jinjianluru_t</td>
    <td>3</td>
    <td>3</td>
    <td>0</td>
    <td>0</td>
    <td><a href="javascript:showClassDetail('c1',3)">Detail</a></td>
</tr>

<tr id='pt1.1' class='hiddenRow'>
    <td class='none'><div class='testcase'>test_geren_yicixing: 个人进件一次性</div></td>
    <td colspan='5' align='center'>

    <!--css div popup start-->
    <a class="popup_link" onfocus='this.blur();' href="javascript:showTestDetail('div_pt1.1')" >
        pass</a>

    <div id='div_pt1.1' class="popup_window">
        <div style='text-align: right; color:red;cursor:pointer'>
        <a onfocus='this.blur();' onclick="document.getElementById('div_pt1.1').style.display = 'none' " >
           [x]</a>
        </div>
        <pre>
        
pt1.1: yicixing
switch mainframe


        </pre>
    </div>
    <!--css div popup end-->

    </td>
</tr>

<tr id='pt1.2' class='hiddenRow'>
    <td class='none'><div class='testcase'>test_gerenyi_anyuefuxi: 个人进件按月付息</div></td>
    <td colspan='5' align='center'>

    <!--css div popup start-->
    <a class="popup_link" onfocus='this.blur();' href="javascript:showTestDetail('div_pt1.2')" >
        pass</a>

    <div id='div_pt1.2' class="popup_window">
        <div style='text-align: right; color:red;cursor:pointer'>
        <a onfocus='this.blur();' onclick="document.getElementById('div_pt1.2').style.display = 'none' " >
           [x]</a>
        </div>
        <pre>
        
pt1.2: switch mainframe


        </pre>
    </div>
    <!--css div popup end-->

    </td>
</tr>

<tr id='pt1.3' class='hiddenRow'>
    <td class='none'><div class='testcase'>test_gerenyi_denge: 个人进件按月等额</div></td>
    <td colspan='5' align='center'>

    <!--css div popup start-->
    <a class="popup_link" onfocus='this.blur();' href="javascript:showTestDetail('div_pt1.3')" >
        pass</a>

    <div id='div_pt1.3' class="popup_window">
        <div style='text-align: right; color:red;cursor:pointer'>
        <a onfocus='this.blur();' onclick="document.getElementById('div_pt1.3').style.display = 'none' " >
           [x]</a>
        </div>
        <pre>
        
pt1.3: anyuedenge
switch mainframe


        </pre>
    </div>
    <!--css div popup end-->

    </td>
</tr>

<tr class='passClass'>
    <td>test_login_oms.Login</td>
    <td>2</td>
    <td>2</td>
    <td>0</td>
    <td>0</td>
    <td><a href="javascript:showClassDetail('c2',2)">Detail</a></td>
</tr>

<tr id='pt2.1' class='hiddenRow'>
    <td class='none'><div class='testcase'>test_login: 验证登录oms</div></td>
    <td colspan='5' align='center'>pass</td>
</tr>

<tr id='pt2.2' class='hiddenRow'>
    <td class='none'><div class='testcase'>test_search: oms用户搜索</div></td>
    <td colspan='5' align='center'>pass</td>
</tr>

<tr id='total_row'>
    <td>Total</td>
    <td>5</td>
    <td>5</td>
    <td>0</td>
    <td>0</td>
    <td>&nbsp;</td>
</tr>
</table>

<div id='ending'>&nbsp;</div>

</body>
</html>
<?xml version="1.0" encoding="UTF-8"?>
<!DOCTYPE html PUBLIC "-//W3C//DTD XHTML 1.0 Strict//EN" "http://www.w3.org/TR/xhtml1/DTD/xhtml1-strict.dtd">
<html xmlns="http://www.w3.org/1999/xhtml">
<head>
    <title>bank_websitecaseBankunion测试报告</title>
    <meta name="generator" content="HTMLTestRunner 0.8.2"/>
    <meta http-equiv="Content-Type" content="text/html; charset=UTF-8"/>
    
<style type="text/css" media="screen">
body        { font-family: verdana, arial, helvetica, sans-serif; font-size: 80%; }
table       { font-size: 100%; }
pre         { }

/* -- heading ---------------------------------------------------------------------- */
h1 {
	font-size: 16pt;
	color: gray;
}
.heading {
    margin-top: 0ex;
    margin-bottom: 1ex;
}

.heading .attribute {
    margin-top: 1ex;
    margin-bottom: 0;
}

.heading .description {
    margin-top: 4ex;
    margin-bottom: 6ex;
}

/* -- css div popup ------------------------------------------------------------------------ */
a.popup_link {
}

a.popup_link:hover {
    color: red;
}

.popup_window {
    display: none;
    position: relative;
    left: 0px;
    top: 0px;
    /*border: solid #627173 1px; */
    padding: 10px;
    background-color: #E6E6D6;
    font-family: "Lucida Console", "Courier New", Courier, monospace;
    text-align: left;
    font-size: 8pt;
    width: 500px;
}

}
/* -- report ------------------------------------------------------------------------ */
#show_detail_line {
    margin-top: 3ex;
    margin-bottom: 1ex;
}
#result_table {
    width: 80%;
    border-collapse: collapse;
    border: 1px solid #777;
}
#header_row {
    font-weight: bold;
    color: white;
    background-color: #777;
}
#result_table td {
    border: 1px solid #777;
    padding: 2px;
}
#total_row  { font-weight: bold; }
.passClass  { background-color: #6c6; }
.failClass  { background-color: #c60; }
.errorClass { background-color: #c00; }
.passCase   { color: #6c6; }
.failCase   { color: #c60; font-weight: bold; }
.errorCase  { color: #c00; font-weight: bold; }
.hiddenRow  { display: none; }
.testcase   { margin-left: 2em; }


/* -- ending ---------------------------------------------------------------------- */
#ending {
}

</style>

</head>
<body>
<script language="javascript" type="text/javascript"><!--
output_list = Array();

/* level - 0:Summary; 1:Failed; 2:All */
function showCase(level) {
    trs = document.getElementsByTagName("tr");
    for (var i = 0; i < trs.length; i++) {
        tr = trs[i];
        id = tr.id;
        if (id.substr(0,2) == 'ft') {
            if (level < 1) {
                tr.className = 'hiddenRow';
            }
            else {
                tr.className = '';
            }
        }
        if (id.substr(0,2) == 'pt') {
            if (level > 1) {
                tr.className = '';
            }
            else {
                tr.className = 'hiddenRow';
            }
        }
    }
}


function showClassDetail(cid, count) {
    var id_list = Array(count);
    var toHide = 1;
    for (var i = 0; i < count; i++) {
        tid0 = 't' + cid.substr(1) + '.' + (i+1);
        tid = 'f' + tid0;
        tr = document.getElementById(tid);
        if (!tr) {
            tid = 'p' + tid0;
            tr = document.getElementById(tid);
        }
        id_list[i] = tid;
        if (tr.className) {
            toHide = 0;
        }
    }
    for (var i = 0; i < count; i++) {
        tid = id_list[i];
        if (toHide) {
            document.getElementById('div_'+tid).style.display = 'none'
            document.getElementById(tid).className = 'hiddenRow';
        }
        else {
            document.getElementById(tid).className = '';
        }
    }
}


function showTestDetail(div_id){
    var details_div = document.getElementById(div_id)
    var displayState = details_div.style.display
    // alert(displayState)
    if (displayState != 'block' ) {
        displayState = 'block'
        details_div.style.display = 'block'
    }
    else {
        details_div.style.display = 'none'
    }
}


function html_escape(s) {
    s = s.replace(/&/g,'&amp;');
    s = s.replace(/</g,'&lt;');
    s = s.replace(/>/g,'&gt;');
    return s;
}

/* obsoleted by detail in <div>
function showOutput(id, name) {
    var w = window.open("", //url
                    name,
                    "resizable,scrollbars,status,width=800,height=450");
    d = w.document;
    d.write("<pre>");
    d.write(html_escape(output_list[id]));
    d.write("\n");
    d.write("<a href='javascript:window.close()'>close</a>\n");
    d.write("</pre>\n");
    d.close();
}
*/
--></script>

<div class='heading'>
<h1>bank_websitecaseBankunion测试报告</h1>
<p class='attribute'><strong>Start Time:</strong> 2016-03-10 11:05:55</p>
<p class='attribute'><strong>Duration:</strong> 0:08:09.649551</p>
<p class='attribute'><strong>Status:</strong> Pass 3 Failure 1 Error 23</p>

<p class='description'></p>
</div>



<p id='show_detail_line'>Show
<a href='javascript:showCase(0)'>Summary</a>
<a href='javascript:showCase(1)'>Failed</a>
<a href='javascript:showCase(2)'>All</a>
</p>
<table id='result_table'>
<colgroup>
<col align='left' />
<col align='right' />
<col align='right' />
<col align='right' />
<col align='right' />
<col align='right' />
</colgroup>
<tr id='header_row'>
    <td>Test Group/Test case</td>
    <td>Count</td>
    <td>Pass</td>
    <td>Fail</td>
    <td>Error</td>
    <td>View</td>
</tr>

<tr class='errorClass'>
    <td>bank_websitecase.test_toubiao.Toubiao</td>
    <td>3</td>
    <td>0</td>
    <td>0</td>
    <td>3</td>
    <td><a href="javascript:showClassDetail('c1',3)">Detail</a></td>
</tr>

<tr id='ft1.1' class='none'>
    <td class='errorCase'><div class='testcase'>test_toubiao_1: 测试投标后金额减少</div></td>
    <td colspan='5' align='center'>

    <!--css div popup start-->
    <a class="popup_link" onfocus='this.blur();' href="javascript:showTestDetail('div_ft1.1')" >
        error</a>

    <div id='div_ft1.1' class="popup_window">
        <div style='text-align: right; color:red;cursor:pointer'>
        <a onfocus='this.blur();' onclick="document.getElementById('div_ft1.1').style.display = 'none' " >
           [x]</a>
        </div>
        <pre>
        
ft1.1: Traceback (most recent call last):
  File "/home/webdriver_case/bank_test/bank_websitecase/test_toubiao.py", line 25, in test_toubiao_1
    login_bank.login_bank(self)
  File "/home/webdriver_case/bank_test/bank_websitecase/public/login_bank.py", line 14, in login_bank
    elements=bank_page.login_page(self)
  File "/home/webdriver_case/bank_test/page_element/bank_page.py", line 33, in login_page
    dengluanniu=driver.find_element_by_css_selector("li input.normalBBtn[type='submit']")
  File "/usr/lib/python2.7/site-packages/selenium-2.45.0-py2.7.egg/selenium/webdriver/remote/webdriver.py", line 376, in find_element_by_css_selector
    return self.find_element(by=By.CSS_SELECTOR, value=css_selector)
  File "/usr/lib/python2.7/site-packages/selenium-2.45.0-py2.7.egg/selenium/webdriver/remote/webdriver.py", line 664, in find_element
    {'using': by, 'value': value})['value']
  File "/usr/lib/python2.7/site-packages/selenium-2.45.0-py2.7.egg/selenium/webdriver/remote/webdriver.py", line 175, in execute
    self.error_handler.check_response(response)
  File "/usr/lib/python2.7/site-packages/selenium-2.45.0-py2.7.egg/selenium/webdriver/remote/errorhandler.py", line 166, in check_response
    raise exception_class(message, screen, stacktrace)
NoSuchElementException: Message: Unable to locate element: {"method":"css selector","selector":"li input.normalBBtn[type='submit']"}
For documentation on this error, please visit: http://seleniumhq.org/exceptions/no_such_element.html
Build info: version: '2.45.0', revision: '5017cb8', time: '2015-02-26 23:59:50'
System info: host: 'win7Test01', ip: '172.17.2.136', os.name: 'Windows 7', os.arch: 'amd64', os.version: '6.1', java.version: '1.7.0_40'
Driver info: driver.version: unknown
Screenshot: available via screen
Stacktrace:
    at &lt;anonymous class&gt;.FirefoxDriver.prototype.findElementInternal_ (file:///C:/Users/ADMINI~1/AppData/Local/Temp/anonymous8813408543842604854webdriver-profile/extensions/fxdriver@googlecode.com/components/driver-component.js:10271)
    at &lt;anonymous class&gt;.fxdriver.Timer.prototype.setTimeout/&lt;.notify (file:///C:/Users/ADMINI~1/AppData/Local/Temp/anonymous8813408543842604854webdriver-profile/extensions/fxdriver@googlecode.com/components/driver-component.js:603)


        </pre>
    </div>
    <!--css div popup end-->

    </td>
</tr>

<tr id='ft1.2' class='none'>
    <td class='errorCase'><div class='testcase'>test_toubiao_2: 测试投标后投标人次增加</div></td>
    <td colspan='5' align='center'>

    <!--css div popup start-->
    <a class="popup_link" onfocus='this.blur();' href="javascript:showTestDetail('div_ft1.2')" >
        error</a>

    <div id='div_ft1.2' class="popup_window">
        <div style='text-align: right; color:red;cursor:pointer'>
        <a onfocus='this.blur();' onclick="document.getElementById('div_ft1.2').style.display = 'none' " >
           [x]</a>
        </div>
        <pre>
        
ft1.2: Traceback (most recent call last):
  File "/home/webdriver_case/bank_test/bank_websitecase/test_toubiao.py", line 49, in test_toubiao_2
    login_bank.login_bank(self)
  File "/home/webdriver_case/bank_test/bank_websitecase/public/login_bank.py", line 14, in login_bank
    elements=bank_page.login_page(self)
  File "/home/webdriver_case/bank_test/page_element/bank_page.py", line 33, in login_page
    dengluanniu=driver.find_element_by_css_selector("li input.normalBBtn[type='submit']")
  File "/usr/lib/python2.7/site-packages/selenium-2.45.0-py2.7.egg/selenium/webdriver/remote/webdriver.py", line 376, in find_element_by_css_selector
    return self.find_element(by=By.CSS_SELECTOR, value=css_selector)
  File "/usr/lib/python2.7/site-packages/selenium-2.45.0-py2.7.egg/selenium/webdriver/remote/webdriver.py", line 664, in find_element
    {'using': by, 'value': value})['value']
  File "/usr/lib/python2.7/site-packages/selenium-2.45.0-py2.7.egg/selenium/webdriver/remote/webdriver.py", line 175, in execute
    self.error_handler.check_response(response)
  File "/usr/lib/python2.7/site-packages/selenium-2.45.0-py2.7.egg/selenium/webdriver/remote/errorhandler.py", line 166, in check_response
    raise exception_class(message, screen, stacktrace)
NoSuchElementException: Message: Unable to locate element: {"method":"css selector","selector":"li input.normalBBtn[type='submit']"}
For documentation on this error, please visit: http://seleniumhq.org/exceptions/no_such_element.html
Build info: version: '2.45.0', revision: '5017cb8', time: '2015-02-26 23:59:50'
System info: host: 'win7Test01', ip: '172.17.2.136', os.name: 'Windows 7', os.arch: 'amd64', os.version: '6.1', java.version: '1.7.0_40'
Driver info: driver.version: unknown
Screenshot: available via screen
Stacktrace:
    at &lt;anonymous class&gt;.FirefoxDriver.prototype.findElementInternal_ (file:///C:/Users/ADMINI~1/AppData/Local/Temp/anonymous5999155653674497342webdriver-profile/extensions/fxdriver@googlecode.com/components/driver-component.js:10271)
    at &lt;anonymous class&gt;.fxdriver.Timer.prototype.setTimeout/&lt;.notify (file:///C:/Users/ADMINI~1/AppData/Local/Temp/anonymous5999155653674497342webdriver-profile/extensions/fxdriver@googlecode.com/components/driver-component.js:603)


        </pre>
    </div>
    <!--css div popup end-->

    </td>
</tr>

<tr id='ft1.3' class='none'>
    <td class='errorCase'><div class='testcase'>test_toubiaochaoe: 测试超额投标</div></td>
    <td colspan='5' align='center'>

    <!--css div popup start-->
    <a class="popup_link" onfocus='this.blur();' href="javascript:showTestDetail('div_ft1.3')" >
        error</a>

    <div id='div_ft1.3' class="popup_window">
        <div style='text-align: right; color:red;cursor:pointer'>
        <a onfocus='this.blur();' onclick="document.getElementById('div_ft1.3').style.display = 'none' " >
           [x]</a>
        </div>
        <pre>
        
ft1.3: Traceback (most recent call last):
  File "/home/webdriver_case/bank_test/bank_websitecase/test_toubiao.py", line 71, in test_toubiaochaoe
    login_bank.login_bank(self)
  File "/home/webdriver_case/bank_test/bank_websitecase/public/login_bank.py", line 14, in login_bank
    elements=bank_page.login_page(self)
  File "/home/webdriver_case/bank_test/page_element/bank_page.py", line 33, in login_page
    dengluanniu=driver.find_element_by_css_selector("li input.normalBBtn[type='submit']")
  File "/usr/lib/python2.7/site-packages/selenium-2.45.0-py2.7.egg/selenium/webdriver/remote/webdriver.py", line 376, in find_element_by_css_selector
    return self.find_element(by=By.CSS_SELECTOR, value=css_selector)
  File "/usr/lib/python2.7/site-packages/selenium-2.45.0-py2.7.egg/selenium/webdriver/remote/webdriver.py", line 664, in find_element
    {'using': by, 'value': value})['value']
  File "/usr/lib/python2.7/site-packages/selenium-2.45.0-py2.7.egg/selenium/webdriver/remote/webdriver.py", line 175, in execute
    self.error_handler.check_response(response)
  File "/usr/lib/python2.7/site-packages/selenium-2.45.0-py2.7.egg/selenium/webdriver/remote/errorhandler.py", line 166, in check_response
    raise exception_class(message, screen, stacktrace)
NoSuchElementException: Message: Unable to locate element: {"method":"css selector","selector":"li input.normalBBtn[type='submit']"}
For documentation on this error, please visit: http://seleniumhq.org/exceptions/no_such_element.html
Build info: version: '2.45.0', revision: '5017cb8', time: '2015-02-26 23:59:50'
System info: host: 'win7Test01', ip: '172.17.2.136', os.name: 'Windows 7', os.arch: 'amd64', os.version: '6.1', java.version: '1.7.0_40'
Driver info: driver.version: unknown
Screenshot: available via screen
Stacktrace:
    at &lt;anonymous class&gt;.FirefoxDriver.prototype.findElementInternal_ (file:///C:/Users/ADMINI~1/AppData/Local/Temp/anonymous1333382005699617530webdriver-profile/extensions/fxdriver@googlecode.com/components/driver-component.js:10271)
    at &lt;anonymous class&gt;.fxdriver.Timer.prototype.setTimeout/&lt;.notify (file:///C:/Users/ADMINI~1/AppData/Local/Temp/anonymous1333382005699617530webdriver-profile/extensions/fxdriver@googlecode.com/components/driver-component.js:603)


        </pre>
    </div>
    <!--css div popup end-->

    </td>
</tr>

<tr class='errorClass'>
    <td>bank_websitecase.test_woyaojiekuan.Woyaojiekuan</td>
    <td>1</td>
    <td>0</td>
    <td>0</td>
    <td>1</td>
    <td><a href="javascript:showClassDetail('c2',1)">Detail</a></td>
</tr>

<tr id='ft2.1' class='none'>
    <td class='errorCase'><div class='testcase'>test_woyaojiekuan: 我要借款</div></td>
    <td colspan='5' align='center'>

    <!--css div popup start-->
    <a class="popup_link" onfocus='this.blur();' href="javascript:showTestDetail('div_ft2.1')" >
        error</a>

    <div id='div_ft2.1' class="popup_window">
        <div style='text-align: right; color:red;cursor:pointer'>
        <a onfocus='this.blur();' onclick="document.getElementById('div_ft2.1').style.display = 'none' " >
           [x]</a>
        </div>
        <pre>
        
ft2.1: Traceback (most recent call last):
  File "/home/webdriver_case/bank_test/bank_websitecase/test_woyaojiekuan.py", line 27, in test_woyaojiekuan
    login_bank.login_bank(self)
  File "/home/webdriver_case/bank_test/bank_websitecase/public/login_bank.py", line 14, in login_bank
    elements=bank_page.login_page(self)
  File "/home/webdriver_case/bank_test/page_element/bank_page.py", line 33, in login_page
    dengluanniu=driver.find_element_by_css_selector("li input.normalBBtn[type='submit']")
  File "/usr/lib/python2.7/site-packages/selenium-2.45.0-py2.7.egg/selenium/webdriver/remote/webdriver.py", line 376, in find_element_by_css_selector
    return self.find_element(by=By.CSS_SELECTOR, value=css_selector)
  File "/usr/lib/python2.7/site-packages/selenium-2.45.0-py2.7.egg/selenium/webdriver/remote/webdriver.py", line 664, in find_element
    {'using': by, 'value': value})['value']
  File "/usr/lib/python2.7/site-packages/selenium-2.45.0-py2.7.egg/selenium/webdriver/remote/webdriver.py", line 175, in execute
    self.error_handler.check_response(response)
  File "/usr/lib/python2.7/site-packages/selenium-2.45.0-py2.7.egg/selenium/webdriver/remote/errorhandler.py", line 166, in check_response
    raise exception_class(message, screen, stacktrace)
NoSuchElementException: Message: Unable to locate element: {"method":"css selector","selector":"li input.normalBBtn[type='submit']"}
For documentation on this error, please visit: http://seleniumhq.org/exceptions/no_such_element.html
Build info: version: '2.45.0', revision: '5017cb8', time: '2015-02-26 23:59:50'
System info: host: 'win7Test01', ip: '172.17.2.136', os.name: 'Windows 7', os.arch: 'amd64', os.version: '6.1', java.version: '1.7.0_40'
Driver info: driver.version: unknown
Screenshot: available via screen
Stacktrace:
    at &lt;anonymous class&gt;.FirefoxDriver.prototype.findElementInternal_ (file:///C:/Users/ADMINI~1/AppData/Local/Temp/anonymous8855652563270862824webdriver-profile/extensions/fxdriver@googlecode.com/components/driver-component.js:10271)
    at &lt;anonymous class&gt;.fxdriver.Timer.prototype.setTimeout/&lt;.notify (file:///C:/Users/ADMINI~1/AppData/Local/Temp/anonymous8855652563270862824webdriver-profile/extensions/fxdriver@googlecode.com/components/driver-component.js:603)


        </pre>
    </div>
    <!--css div popup end-->

    </td>
</tr>

<tr class='passClass'>
    <td>bank_websitecase.test_loan.Test_loan</td>
    <td>1</td>
    <td>1</td>
    <td>0</td>
    <td>0</td>
    <td><a href="javascript:showClassDetail('c3',1)">Detail</a></td>
</tr>

<tr id='pt3.1' class='hiddenRow'>
    <td class='none'><div class='testcase'>test_loanname: 合同名称验证</div></td>
    <td colspan='5' align='center'>pass</td>
</tr>

<tr class='errorClass'>
    <td>bank_websitecase.test_chongzhi.Woyaochongzhi</td>
    <td>16</td>
    <td>0</td>
    <td>0</td>
    <td>16</td>
    <td><a href="javascript:showClassDetail('c4',16)">Detail</a></td>
</tr>

<tr id='ft4.1' class='none'>
    <td class='errorCase'><div class='testcase'>test_abc: 跳转中国农业银行</div></td>
    <td colspan='5' align='center'>

    <!--css div popup start-->
    <a class="popup_link" onfocus='this.blur();' href="javascript:showTestDetail('div_ft4.1')" >
        error</a>

    <div id='div_ft4.1' class="popup_window">
        <div style='text-align: right; color:red;cursor:pointer'>
        <a onfocus='this.blur();' onclick="document.getElementById('div_ft4.1').style.display = 'none' " >
           [x]</a>
        </div>
        <pre>
        
ft4.1: Traceback (most recent call last):
  File "/home/webdriver_case/bank_test/bank_websitecase/test_chongzhi.py", line 98, in test_abc
    login_bank.login_bank(self)
  File "/home/webdriver_case/bank_test/bank_websitecase/public/login_bank.py", line 14, in login_bank
    elements=bank_page.login_page(self)
  File "/home/webdriver_case/bank_test/page_element/bank_page.py", line 33, in login_page
    dengluanniu=driver.find_element_by_css_selector("li input.normalBBtn[type='submit']")
  File "/usr/lib/python2.7/site-packages/selenium-2.45.0-py2.7.egg/selenium/webdriver/remote/webdriver.py", line 376, in find_element_by_css_selector
    return self.find_element(by=By.CSS_SELECTOR, value=css_selector)
  File "/usr/lib/python2.7/site-packages/selenium-2.45.0-py2.7.egg/selenium/webdriver/remote/webdriver.py", line 664, in find_element
    {'using': by, 'value': value})['value']
  File "/usr/lib/python2.7/site-packages/selenium-2.45.0-py2.7.egg/selenium/webdriver/remote/webdriver.py", line 175, in execute
    self.error_handler.check_response(response)
  File "/usr/lib/python2.7/site-packages/selenium-2.45.0-py2.7.egg/selenium/webdriver/remote/errorhandler.py", line 166, in check_response
    raise exception_class(message, screen, stacktrace)
NoSuchElementException: Message: Unable to locate element: {"method":"css selector","selector":"li input.normalBBtn[type='submit']"}
For documentation on this error, please visit: http://seleniumhq.org/exceptions/no_such_element.html
Build info: version: '2.45.0', revision: '5017cb8', time: '2015-02-26 23:59:50'
System info: host: 'win7Test01', ip: '172.17.2.136', os.name: 'Windows 7', os.arch: 'amd64', os.version: '6.1', java.version: '1.7.0_40'
Driver info: driver.version: unknown
Screenshot: available via screen
Stacktrace:
    at &lt;anonymous class&gt;.FirefoxDriver.prototype.findElementInternal_ (file:///C:/Users/ADMINI~1/AppData/Local/Temp/anonymous4651945322412458248webdriver-profile/extensions/fxdriver@googlecode.com/components/driver-component.js:10271)
    at &lt;anonymous class&gt;.fxdriver.Timer.prototype.setTimeout/&lt;.notify (file:///C:/Users/ADMINI~1/AppData/Local/Temp/anonymous4651945322412458248webdriver-profile/extensions/fxdriver@googlecode.com/components/driver-component.js:603)


        </pre>
    </div>
    <!--css div popup end-->

    </td>
</tr>

<tr id='ft4.2' class='none'>
    <td class='errorCase'><div class='testcase'>test_bea: 跳转东亚银行</div></td>
    <td colspan='5' align='center'>

    <!--css div popup start-->
    <a class="popup_link" onfocus='this.blur();' href="javascript:showTestDetail('div_ft4.2')" >
        error</a>

    <div id='div_ft4.2' class="popup_window">
        <div style='text-align: right; color:red;cursor:pointer'>
        <a onfocus='this.blur();' onclick="document.getElementById('div_ft4.2').style.display = 'none' " >
           [x]</a>
        </div>
        <pre>
        
ft4.2: Traceback (most recent call last):
  File "/home/webdriver_case/bank_test/bank_websitecase/test_chongzhi.py", line 401, in test_bea
    login_bank.login_bank(self)
  File "/home/webdriver_case/bank_test/bank_websitecase/public/login_bank.py", line 14, in login_bank
    elements=bank_page.login_page(self)
  File "/home/webdriver_case/bank_test/page_element/bank_page.py", line 33, in login_page
    dengluanniu=driver.find_element_by_css_selector("li input.normalBBtn[type='submit']")
  File "/usr/lib/python2.7/site-packages/selenium-2.45.0-py2.7.egg/selenium/webdriver/remote/webdriver.py", line 376, in find_element_by_css_selector
    return self.find_element(by=By.CSS_SELECTOR, value=css_selector)
  File "/usr/lib/python2.7/site-packages/selenium-2.45.0-py2.7.egg/selenium/webdriver/remote/webdriver.py", line 664, in find_element
    {'using': by, 'value': value})['value']
  File "/usr/lib/python2.7/site-packages/selenium-2.45.0-py2.7.egg/selenium/webdriver/remote/webdriver.py", line 175, in execute
    self.error_handler.check_response(response)
  File "/usr/lib/python2.7/site-packages/selenium-2.45.0-py2.7.egg/selenium/webdriver/remote/errorhandler.py", line 166, in check_response
    raise exception_class(message, screen, stacktrace)
NoSuchElementException: Message: Unable to locate element: {"method":"css selector","selector":"li input.normalBBtn[type='submit']"}
For documentation on this error, please visit: http://seleniumhq.org/exceptions/no_such_element.html
Build info: version: '2.45.0', revision: '5017cb8', time: '2015-02-26 23:59:50'
System info: host: 'win7Test01', ip: '172.17.2.136', os.name: 'Windows 7', os.arch: 'amd64', os.version: '6.1', java.version: '1.7.0_40'
Driver info: driver.version: unknown
Screenshot: available via screen
Stacktrace:
    at &lt;anonymous class&gt;.FirefoxDriver.prototype.findElementInternal_ (file:///C:/Users/ADMINI~1/AppData/Local/Temp/anonymous3340248557286300529webdriver-profile/extensions/fxdriver@googlecode.com/components/driver-component.js:10271)
    at &lt;anonymous class&gt;.fxdriver.Timer.prototype.setTimeout/&lt;.notify (file:///C:/Users/ADMINI~1/AppData/Local/Temp/anonymous3340248557286300529webdriver-profile/extensions/fxdriver@googlecode.com/components/driver-component.js:603)


        </pre>
    </div>
    <!--css div popup end-->

    </td>
</tr>

<tr id='ft4.3' class='none'>
    <td class='errorCase'><div class='testcase'>test_bob: 跳转北京银行</div></td>
    <td colspan='5' align='center'>

    <!--css div popup start-->
    <a class="popup_link" onfocus='this.blur();' href="javascript:showTestDetail('div_ft4.3')" >
        error</a>

    <div id='div_ft4.3' class="popup_window">
        <div style='text-align: right; color:red;cursor:pointer'>
        <a onfocus='this.blur();' onclick="document.getElementById('div_ft4.3').style.display = 'none' " >
           [x]</a>
        </div>
        <pre>
        
ft4.3: Traceback (most recent call last):
  File "/home/webdriver_case/bank_test/bank_websitecase/test_chongzhi.py", line 325, in test_bob
    login_bank.login_bank(self)
  File "/home/webdriver_case/bank_test/bank_websitecase/public/login_bank.py", line 14, in login_bank
    elements=bank_page.login_page(self)
  File "/home/webdriver_case/bank_test/page_element/bank_page.py", line 33, in login_page
    dengluanniu=driver.find_element_by_css_selector("li input.normalBBtn[type='submit']")
  File "/usr/lib/python2.7/site-packages/selenium-2.45.0-py2.7.egg/selenium/webdriver/remote/webdriver.py", line 376, in find_element_by_css_selector
    return self.find_element(by=By.CSS_SELECTOR, value=css_selector)
  File "/usr/lib/python2.7/site-packages/selenium-2.45.0-py2.7.egg/selenium/webdriver/remote/webdriver.py", line 664, in find_element
    {'using': by, 'value': value})['value']
  File "/usr/lib/python2.7/site-packages/selenium-2.45.0-py2.7.egg/selenium/webdriver/remote/webdriver.py", line 175, in execute
    self.error_handler.check_response(response)
  File "/usr/lib/python2.7/site-packages/selenium-2.45.0-py2.7.egg/selenium/webdriver/remote/errorhandler.py", line 166, in check_response
    raise exception_class(message, screen, stacktrace)
NoSuchElementException: Message: Unable to locate element: {"method":"css selector","selector":"li input.normalBBtn[type='submit']"}
For documentation on this error, please visit: http://seleniumhq.org/exceptions/no_such_element.html
Build info: version: '2.45.0', revision: '5017cb8', time: '2015-02-26 23:59:50'
System info: host: 'win7Test01', ip: '172.17.2.136', os.name: 'Windows 7', os.arch: 'amd64', os.version: '6.1', java.version: '1.7.0_40'
Driver info: driver.version: unknown
Screenshot: available via screen
Stacktrace:
    at &lt;anonymous class&gt;.FirefoxDriver.prototype.findElementInternal_ (file:///C:/Users/ADMINI~1/AppData/Local/Temp/anonymous4798071592489008399webdriver-profile/extensions/fxdriver@googlecode.com/components/driver-component.js:10271)
    at &lt;anonymous class&gt;.fxdriver.Timer.prototype.setTimeout/&lt;.notify (file:///C:/Users/ADMINI~1/AppData/Local/Temp/anonymous4798071592489008399webdriver-profile/extensions/fxdriver@googlecode.com/components/driver-component.js:603)


        </pre>
    </div>
    <!--css div popup end-->

    </td>
</tr>

<tr id='ft4.4' class='none'>
    <td class='errorCase'><div class='testcase'>test_boc: 跳转中国银行</div></td>
    <td colspan='5' align='center'>

    <!--css div popup start-->
    <a class="popup_link" onfocus='this.blur();' href="javascript:showTestDetail('div_ft4.4')" >
        error</a>

    <div id='div_ft4.4' class="popup_window">
        <div style='text-align: right; color:red;cursor:pointer'>
        <a onfocus='this.blur();' onclick="document.getElementById('div_ft4.4').style.display = 'none' " >
           [x]</a>
        </div>
        <pre>
        
ft4.4: Traceback (most recent call last):
  File "/home/webdriver_case/bank_test/bank_websitecase/test_chongzhi.py", line 123, in test_boc
    login_bank.login_bank(self)
  File "/home/webdriver_case/bank_test/bank_websitecase/public/login_bank.py", line 14, in login_bank
    elements=bank_page.login_page(self)
  File "/home/webdriver_case/bank_test/page_element/bank_page.py", line 33, in login_page
    dengluanniu=driver.find_element_by_css_selector("li input.normalBBtn[type='submit']")
  File "/usr/lib/python2.7/site-packages/selenium-2.45.0-py2.7.egg/selenium/webdriver/remote/webdriver.py", line 376, in find_element_by_css_selector
    return self.find_element(by=By.CSS_SELECTOR, value=css_selector)
  File "/usr/lib/python2.7/site-packages/selenium-2.45.0-py2.7.egg/selenium/webdriver/remote/webdriver.py", line 664, in find_element
    {'using': by, 'value': value})['value']
  File "/usr/lib/python2.7/site-packages/selenium-2.45.0-py2.7.egg/selenium/webdriver/remote/webdriver.py", line 175, in execute
    self.error_handler.check_response(response)
  File "/usr/lib/python2.7/site-packages/selenium-2.45.0-py2.7.egg/selenium/webdriver/remote/errorhandler.py", line 166, in check_response
    raise exception_class(message, screen, stacktrace)
NoSuchElementException: Message: Unable to locate element: {"method":"css selector","selector":"li input.normalBBtn[type='submit']"}
For documentation on this error, please visit: http://seleniumhq.org/exceptions/no_such_element.html
Build info: version: '2.45.0', revision: '5017cb8', time: '2015-02-26 23:59:50'
System info: host: 'win7Test01', ip: '172.17.2.136', os.name: 'Windows 7', os.arch: 'amd64', os.version: '6.1', java.version: '1.7.0_40'
Driver info: driver.version: unknown
Screenshot: available via screen
Stacktrace:
    at &lt;anonymous class&gt;.FirefoxDriver.prototype.findElementInternal_ (file:///C:/Users/ADMINI~1/AppData/Local/Temp/anonymous8380530103880372175webdriver-profile/extensions/fxdriver@googlecode.com/components/driver-component.js:10271)
    at &lt;anonymous class&gt;.fxdriver.Timer.prototype.setTimeout/&lt;.notify (file:///C:/Users/ADMINI~1/AppData/Local/Temp/anonymous8380530103880372175webdriver-profile/extensions/fxdriver@googlecode.com/components/driver-component.js:603)


        </pre>
    </div>
    <!--css div popup end-->

    </td>
</tr>

<tr id='ft4.5' class='none'>
    <td class='errorCase'><div class='testcase'>test_bocm: 跳转交通银行</div></td>
    <td colspan='5' align='center'>

    <!--css div popup start-->
    <a class="popup_link" onfocus='this.blur();' href="javascript:showTestDetail('div_ft4.5')" >
        error</a>

    <div id='div_ft4.5' class="popup_window">
        <div style='text-align: right; color:red;cursor:pointer'>
        <a onfocus='this.blur();' onclick="document.getElementById('div_ft4.5').style.display = 'none' " >
           [x]</a>
        </div>
        <pre>
        
ft4.5: Traceback (most recent call last):
  File "/home/webdriver_case/bank_test/bank_websitecase/test_chongzhi.py", line 148, in test_bocm
    login_bank.login_bank(self)
  File "/home/webdriver_case/bank_test/bank_websitecase/public/login_bank.py", line 14, in login_bank
    elements=bank_page.login_page(self)
  File "/home/webdriver_case/bank_test/page_element/bank_page.py", line 33, in login_page
    dengluanniu=driver.find_element_by_css_selector("li input.normalBBtn[type='submit']")
  File "/usr/lib/python2.7/site-packages/selenium-2.45.0-py2.7.egg/selenium/webdriver/remote/webdriver.py", line 376, in find_element_by_css_selector
    return self.find_element(by=By.CSS_SELECTOR, value=css_selector)
  File "/usr/lib/python2.7/site-packages/selenium-2.45.0-py2.7.egg/selenium/webdriver/remote/webdriver.py", line 664, in find_element
    {'using': by, 'value': value})['value']
  File "/usr/lib/python2.7/site-packages/selenium-2.45.0-py2.7.egg/selenium/webdriver/remote/webdriver.py", line 175, in execute
    self.error_handler.check_response(response)
  File "/usr/lib/python2.7/site-packages/selenium-2.45.0-py2.7.egg/selenium/webdriver/remote/errorhandler.py", line 166, in check_response
    raise exception_class(message, screen, stacktrace)
NoSuchElementException: Message: Unable to locate element: {"method":"css selector","selector":"li input.normalBBtn[type='submit']"}
For documentation on this error, please visit: http://seleniumhq.org/exceptions/no_such_element.html
Build info: version: '2.45.0', revision: '5017cb8', time: '2015-02-26 23:59:50'
System info: host: 'win7Test01', ip: '172.17.2.136', os.name: 'Windows 7', os.arch: 'amd64', os.version: '6.1', java.version: '1.7.0_40'
Driver info: driver.version: unknown
Screenshot: available via screen
Stacktrace:
    at &lt;anonymous class&gt;.FirefoxDriver.prototype.findElementInternal_ (file:///C:/Users/ADMINI~1/AppData/Local/Temp/anonymous705004939182047631webdriver-profile/extensions/fxdriver@googlecode.com/components/driver-component.js:10271)
    at &lt;anonymous class&gt;.fxdriver.Timer.prototype.setTimeout/&lt;.notify (file:///C:/Users/ADMINI~1/AppData/Local/Temp/anonymous705004939182047631webdriver-profile/extensions/fxdriver@googlecode.com/components/driver-component.js:603)


        </pre>
    </div>
    <!--css div popup end-->

    </td>
</tr>

<tr id='ft4.6' class='none'>
    <td class='errorCase'><div class='testcase'>test_bos: 跳转上海银行</div></td>
    <td colspan='5' align='center'>

    <!--css div popup start-->
    <a class="popup_link" onfocus='this.blur();' href="javascript:showTestDetail('div_ft4.6')" >
        error</a>

    <div id='div_ft4.6' class="popup_window">
        <div style='text-align: right; color:red;cursor:pointer'>
        <a onfocus='this.blur();' onclick="document.getElementById('div_ft4.6').style.display = 'none' " >
           [x]</a>
        </div>
        <pre>
        
ft4.6: Traceback (most recent call last):
  File "/home/webdriver_case/bank_test/bank_websitecase/test_chongzhi.py", line 376, in test_bos
    login_bank.login_bank(self)
  File "/home/webdriver_case/bank_test/bank_websitecase/public/login_bank.py", line 14, in login_bank
    elements=bank_page.login_page(self)
  File "/home/webdriver_case/bank_test/page_element/bank_page.py", line 33, in login_page
    dengluanniu=driver.find_element_by_css_selector("li input.normalBBtn[type='submit']")
  File "/usr/lib/python2.7/site-packages/selenium-2.45.0-py2.7.egg/selenium/webdriver/remote/webdriver.py", line 376, in find_element_by_css_selector
    return self.find_element(by=By.CSS_SELECTOR, value=css_selector)
  File "/usr/lib/python2.7/site-packages/selenium-2.45.0-py2.7.egg/selenium/webdriver/remote/webdriver.py", line 664, in find_element
    {'using': by, 'value': value})['value']
  File "/usr/lib/python2.7/site-packages/selenium-2.45.0-py2.7.egg/selenium/webdriver/remote/webdriver.py", line 175, in execute
    self.error_handler.check_response(response)
  File "/usr/lib/python2.7/site-packages/selenium-2.45.0-py2.7.egg/selenium/webdriver/remote/errorhandler.py", line 166, in check_response
    raise exception_class(message, screen, stacktrace)
NoSuchElementException: Message: Unable to locate element: {"method":"css selector","selector":"li input.normalBBtn[type='submit']"}
For documentation on this error, please visit: http://seleniumhq.org/exceptions/no_such_element.html
Build info: version: '2.45.0', revision: '5017cb8', time: '2015-02-26 23:59:50'
System info: host: 'win7Test01', ip: '172.17.2.136', os.name: 'Windows 7', os.arch: 'amd64', os.version: '6.1', java.version: '1.7.0_40'
Driver info: driver.version: unknown
Screenshot: available via screen
Stacktrace:
    at &lt;anonymous class&gt;.FirefoxDriver.prototype.findElementInternal_ (file:///C:/Users/ADMINI~1/AppData/Local/Temp/anonymous6974795343374545010webdriver-profile/extensions/fxdriver@googlecode.com/components/driver-component.js:10271)
    at &lt;anonymous class&gt;.fxdriver.Timer.prototype.setTimeout/&lt;.notify (file:///C:/Users/ADMINI~1/AppData/Local/Temp/anonymous6974795343374545010webdriver-profile/extensions/fxdriver@googlecode.com/components/driver-component.js:603)


        </pre>
    </div>
    <!--css div popup end-->

    </td>
</tr>

<tr id='ft4.7' class='none'>
    <td class='errorCase'><div class='testcase'>test_ccb: 跳转建设银行</div></td>
    <td colspan='5' align='center'>

    <!--css div popup start-->
    <a class="popup_link" onfocus='this.blur();' href="javascript:showTestDetail('div_ft4.7')" >
        error</a>

    <div id='div_ft4.7' class="popup_window">
        <div style='text-align: right; color:red;cursor:pointer'>
        <a onfocus='this.blur();' onclick="document.getElementById('div_ft4.7').style.display = 'none' " >
           [x]</a>
        </div>
        <pre>
        
ft4.7: Traceback (most recent call last):
  File "/home/webdriver_case/bank_test/bank_websitecase/test_chongzhi.py", line 73, in test_ccb
    login_bank.login_bank(self)
  File "/home/webdriver_case/bank_test/bank_websitecase/public/login_bank.py", line 14, in login_bank
    elements=bank_page.login_page(self)
  File "/home/webdriver_case/bank_test/page_element/bank_page.py", line 33, in login_page
    dengluanniu=driver.find_element_by_css_selector("li input.normalBBtn[type='submit']")
  File "/usr/lib/python2.7/site-packages/selenium-2.45.0-py2.7.egg/selenium/webdriver/remote/webdriver.py", line 376, in find_element_by_css_selector
    return self.find_element(by=By.CSS_SELECTOR, value=css_selector)
  File "/usr/lib/python2.7/site-packages/selenium-2.45.0-py2.7.egg/selenium/webdriver/remote/webdriver.py", line 664, in find_element
    {'using': by, 'value': value})['value']
  File "/usr/lib/python2.7/site-packages/selenium-2.45.0-py2.7.egg/selenium/webdriver/remote/webdriver.py", line 175, in execute
    self.error_handler.check_response(response)
  File "/usr/lib/python2.7/site-packages/selenium-2.45.0-py2.7.egg/selenium/webdriver/remote/errorhandler.py", line 166, in check_response
    raise exception_class(message, screen, stacktrace)
NoSuchElementException: Message: Unable to locate element: {"method":"css selector","selector":"li input.normalBBtn[type='submit']"}
For documentation on this error, please visit: http://seleniumhq.org/exceptions/no_such_element.html
Build info: version: '2.45.0', revision: '5017cb8', time: '2015-02-26 23:59:50'
System info: host: 'win7Test01', ip: '172.17.2.136', os.name: 'Windows 7', os.arch: 'amd64', os.version: '6.1', java.version: '1.7.0_40'
Driver info: driver.version: unknown
Screenshot: available via screen
Stacktrace:
    at &lt;anonymous class&gt;.FirefoxDriver.prototype.findElementInternal_ (file:///C:/Users/ADMINI~1/AppData/Local/Temp/anonymous678352629276813867webdriver-profile/extensions/fxdriver@googlecode.com/components/driver-component.js:10271)
    at &lt;anonymous class&gt;.fxdriver.Timer.prototype.setTimeout/&lt;.notify (file:///C:/Users/ADMINI~1/AppData/Local/Temp/anonymous678352629276813867webdriver-profile/extensions/fxdriver@googlecode.com/components/driver-component.js:603)


        </pre>
    </div>
    <!--css div popup end-->

    </td>
</tr>

<tr id='ft4.8' class='none'>
    <td class='errorCase'><div class='testcase'>test_cebb: 跳转光大银行</div></td>
    <td colspan='5' align='center'>

    <!--css div popup start-->
    <a class="popup_link" onfocus='this.blur();' href="javascript:showTestDetail('div_ft4.8')" >
        error</a>

    <div id='div_ft4.8' class="popup_window">
        <div style='text-align: right; color:red;cursor:pointer'>
        <a onfocus='this.blur();' onclick="document.getElementById('div_ft4.8').style.display = 'none' " >
           [x]</a>
        </div>
        <pre>
        
ft4.8: Traceback (most recent call last):
  File "/home/webdriver_case/bank_test/bank_websitecase/test_chongzhi.py", line 198, in test_cebb
    login_bank.login_bank(self)
  File "/home/webdriver_case/bank_test/bank_websitecase/public/login_bank.py", line 14, in login_bank
    elements=bank_page.login_page(self)
  File "/home/webdriver_case/bank_test/page_element/bank_page.py", line 33, in login_page
    dengluanniu=driver.find_element_by_css_selector("li input.normalBBtn[type='submit']")
  File "/usr/lib/python2.7/site-packages/selenium-2.45.0-py2.7.egg/selenium/webdriver/remote/webdriver.py", line 376, in find_element_by_css_selector
    return self.find_element(by=By.CSS_SELECTOR, value=css_selector)
  File "/usr/lib/python2.7/site-packages/selenium-2.45.0-py2.7.egg/selenium/webdriver/remote/webdriver.py", line 664, in find_element
    {'using': by, 'value': value})['value']
  File "/usr/lib/python2.7/site-packages/selenium-2.45.0-py2.7.egg/selenium/webdriver/remote/webdriver.py", line 175, in execute
    self.error_handler.check_response(response)
  File "/usr/lib/python2.7/site-packages/selenium-2.45.0-py2.7.egg/selenium/webdriver/remote/errorhandler.py", line 166, in check_response
    raise exception_class(message, screen, stacktrace)
NoSuchElementException: Message: Unable to locate element: {"method":"css selector","selector":"li input.normalBBtn[type='submit']"}
For documentation on this error, please visit: http://seleniumhq.org/exceptions/no_such_element.html
Build info: version: '2.45.0', revision: '5017cb8', time: '2015-02-26 23:59:50'
System info: host: 'win7Test01', ip: '172.17.2.136', os.name: 'Windows 7', os.arch: 'amd64', os.version: '6.1', java.version: '1.7.0_40'
Driver info: driver.version: unknown
Screenshot: available via screen
Stacktrace:
    at &lt;anonymous class&gt;.FirefoxDriver.prototype.findElementInternal_ (file:///C:/Users/ADMINI~1/AppData/Local/Temp/anonymous2838608339105662516webdriver-profile/extensions/fxdriver@googlecode.com/components/driver-component.js:10271)
    at &lt;anonymous class&gt;.fxdriver.Timer.prototype.setTimeout/&lt;.notify (file:///C:/Users/ADMINI~1/AppData/Local/Temp/anonymous2838608339105662516webdriver-profile/extensions/fxdriver@googlecode.com/components/driver-component.js:603)


        </pre>
    </div>
    <!--css div popup end-->

    </td>
</tr>

<tr id='ft4.9' class='none'>
    <td class='errorCase'><div class='testcase'>test_chainapay: 跳转银联充值</div></td>
    <td colspan='5' align='center'>

    <!--css div popup start-->
    <a class="popup_link" onfocus='this.blur();' href="javascript:showTestDetail('div_ft4.9')" >
        error</a>

    <div id='div_ft4.9' class="popup_window">
        <div style='text-align: right; color:red;cursor:pointer'>
        <a onfocus='this.blur();' onclick="document.getElementById('div_ft4.9').style.display = 'none' " >
           [x]</a>
        </div>
        <pre>
        
ft4.9: Traceback (most recent call last):
  File "/home/webdriver_case/bank_test/bank_websitecase/test_chongzhi.py", line 275, in test_chainapay
    login_bank.login_bank(self)
  File "/home/webdriver_case/bank_test/bank_websitecase/public/login_bank.py", line 14, in login_bank
    elements=bank_page.login_page(self)
  File "/home/webdriver_case/bank_test/page_element/bank_page.py", line 33, in login_page
    dengluanniu=driver.find_element_by_css_selector("li input.normalBBtn[type='submit']")
  File "/usr/lib/python2.7/site-packages/selenium-2.45.0-py2.7.egg/selenium/webdriver/remote/webdriver.py", line 376, in find_element_by_css_selector
    return self.find_element(by=By.CSS_SELECTOR, value=css_selector)
  File "/usr/lib/python2.7/site-packages/selenium-2.45.0-py2.7.egg/selenium/webdriver/remote/webdriver.py", line 664, in find_element
    {'using': by, 'value': value})['value']
  File "/usr/lib/python2.7/site-packages/selenium-2.45.0-py2.7.egg/selenium/webdriver/remote/webdriver.py", line 175, in execute
    self.error_handler.check_response(response)
  File "/usr/lib/python2.7/site-packages/selenium-2.45.0-py2.7.egg/selenium/webdriver/remote/errorhandler.py", line 166, in check_response
    raise exception_class(message, screen, stacktrace)
NoSuchElementException: Message: Unable to locate element: {"method":"css selector","selector":"li input.normalBBtn[type='submit']"}
For documentation on this error, please visit: http://seleniumhq.org/exceptions/no_such_element.html
Build info: version: '2.45.0', revision: '5017cb8', time: '2015-02-26 23:59:50'
System info: host: 'win7Test01', ip: '172.17.2.136', os.name: 'Windows 7', os.arch: 'amd64', os.version: '6.1', java.version: '1.7.0_40'
Driver info: driver.version: unknown
Screenshot: available via screen
Stacktrace:
    at &lt;anonymous class&gt;.FirefoxDriver.prototype.findElementInternal_ (file:///C:/Users/ADMINI~1/AppData/Local/Temp/anonymous7912632544518553480webdriver-profile/extensions/fxdriver@googlecode.com/components/driver-component.js:10271)
    at &lt;anonymous class&gt;.fxdriver.Timer.prototype.setTimeout/&lt;.notify (file:///C:/Users/ADMINI~1/AppData/Local/Temp/anonymous7912632544518553480webdriver-profile/extensions/fxdriver@googlecode.com/components/driver-component.js:603)


        </pre>
    </div>
    <!--css div popup end-->

    </td>
</tr>

<tr id='ft4.10' class='none'>
    <td class='errorCase'><div class='testcase'>test_cmb: 跳转招商银行</div></td>
    <td colspan='5' align='center'>

    <!--css div popup start-->
    <a class="popup_link" onfocus='this.blur();' href="javascript:showTestDetail('div_ft4.10')" >
        error</a>

    <div id='div_ft4.10' class="popup_window">
        <div style='text-align: right; color:red;cursor:pointer'>
        <a onfocus='this.blur();' onclick="document.getElementById('div_ft4.10').style.display = 'none' " >
           [x]</a>
        </div>
        <pre>
        
ft4.10: Traceback (most recent call last):
  File "/home/webdriver_case/bank_test/bank_websitecase/test_chongzhi.py", line 48, in test_cmb
    login_bank.login_bank(self)
  File "/home/webdriver_case/bank_test/bank_websitecase/public/login_bank.py", line 14, in login_bank
    elements=bank_page.login_page(self)
  File "/home/webdriver_case/bank_test/page_element/bank_page.py", line 33, in login_page
    dengluanniu=driver.find_element_by_css_selector("li input.normalBBtn[type='submit']")
  File "/usr/lib/python2.7/site-packages/selenium-2.45.0-py2.7.egg/selenium/webdriver/remote/webdriver.py", line 376, in find_element_by_css_selector
    return self.find_element(by=By.CSS_SELECTOR, value=css_selector)
  File "/usr/lib/python2.7/site-packages/selenium-2.45.0-py2.7.egg/selenium/webdriver/remote/webdriver.py", line 664, in find_element
    {'using': by, 'value': value})['value']
  File "/usr/lib/python2.7/site-packages/selenium-2.45.0-py2.7.egg/selenium/webdriver/remote/webdriver.py", line 175, in execute
    self.error_handler.check_response(response)
  File "/usr/lib/python2.7/site-packages/selenium-2.45.0-py2.7.egg/selenium/webdriver/remote/errorhandler.py", line 166, in check_response
    raise exception_class(message, screen, stacktrace)
NoSuchElementException: Message: Unable to locate element: {"method":"css selector","selector":"li input.normalBBtn[type='submit']"}
For documentation on this error, please visit: http://seleniumhq.org/exceptions/no_such_element.html
Build info: version: '2.45.0', revision: '5017cb8', time: '2015-02-26 23:59:50'
System info: host: 'win7Test01', ip: '172.17.2.136', os.name: 'Windows 7', os.arch: 'amd64', os.version: '6.1', java.version: '1.7.0_40'
Driver info: driver.version: unknown
Screenshot: available via screen
Stacktrace:
    at &lt;anonymous class&gt;.FirefoxDriver.prototype.findElementInternal_ (file:///C:/Users/ADMINI~1/AppData/Local/Temp/anonymous6994568864989205171webdriver-profile/extensions/fxdriver@googlecode.com/components/driver-component.js:10271)
    at &lt;anonymous class&gt;.fxdriver.Timer.prototype.setTimeout/&lt;.notify (file:///C:/Users/ADMINI~1/AppData/Local/Temp/anonymous6994568864989205171webdriver-profile/extensions/fxdriver@googlecode.com/components/driver-component.js:603)


        </pre>
    </div>
    <!--css div popup end-->

    </td>
</tr>

<tr id='ft4.11' class='none'>
    <td class='errorCase'><div class='testcase'>test_cmbm: 跳转民生银行</div></td>
    <td colspan='5' align='center'>

    <!--css div popup start-->
    <a class="popup_link" onfocus='this.blur();' href="javascript:showTestDetail('div_ft4.11')" >
        error</a>

    <div id='div_ft4.11' class="popup_window">
        <div style='text-align: right; color:red;cursor:pointer'>
        <a onfocus='this.blur();' onclick="document.getElementById('div_ft4.11').style.display = 'none' " >
           [x]</a>
        </div>
        <pre>
        
ft4.11: Traceback (most recent call last):
  File "/home/webdriver_case/bank_test/bank_websitecase/test_chongzhi.py", line 173, in test_cmbm
    login_bank.login_bank(self)
  File "/home/webdriver_case/bank_test/bank_websitecase/public/login_bank.py", line 14, in login_bank
    elements=bank_page.login_page(self)
  File "/home/webdriver_case/bank_test/page_element/bank_page.py", line 33, in login_page
    dengluanniu=driver.find_element_by_css_selector("li input.normalBBtn[type='submit']")
  File "/usr/lib/python2.7/site-packages/selenium-2.45.0-py2.7.egg/selenium/webdriver/remote/webdriver.py", line 376, in find_element_by_css_selector
    return self.find_element(by=By.CSS_SELECTOR, value=css_selector)
  File "/usr/lib/python2.7/site-packages/selenium-2.45.0-py2.7.egg/selenium/webdriver/remote/webdriver.py", line 664, in find_element
    {'using': by, 'value': value})['value']
  File "/usr/lib/python2.7/site-packages/selenium-2.45.0-py2.7.egg/selenium/webdriver/remote/webdriver.py", line 175, in execute
    self.error_handler.check_response(response)
  File "/usr/lib/python2.7/site-packages/selenium-2.45.0-py2.7.egg/selenium/webdriver/remote/errorhandler.py", line 166, in check_response
    raise exception_class(message, screen, stacktrace)
NoSuchElementException: Message: Unable to locate element: {"method":"css selector","selector":"li input.normalBBtn[type='submit']"}
For documentation on this error, please visit: http://seleniumhq.org/exceptions/no_such_element.html
Build info: version: '2.45.0', revision: '5017cb8', time: '2015-02-26 23:59:50'
System info: host: 'win7Test01', ip: '172.17.2.136', os.name: 'Windows 7', os.arch: 'amd64', os.version: '6.1', java.version: '1.7.0_40'
Driver info: driver.version: unknown
Screenshot: available via screen
Stacktrace:
    at &lt;anonymous class&gt;.FirefoxDriver.prototype.findElementInternal_ (file:///C:/Users/ADMINI~1/AppData/Local/Temp/anonymous8736905825956318229webdriver-profile/extensions/fxdriver@googlecode.com/components/driver-component.js:10271)
    at &lt;anonymous class&gt;.fxdriver.Timer.prototype.setTimeout/&lt;.notify (file:///C:/Users/ADMINI~1/AppData/Local/Temp/anonymous8736905825956318229webdriver-profile/extensions/fxdriver@googlecode.com/components/driver-component.js:603)


        </pre>
    </div>
    <!--css div popup end-->

    </td>
</tr>

<tr id='ft4.12' class='none'>
    <td class='errorCase'><div class='testcase'>test_ecitic: 跳转中信银行</div></td>
    <td colspan='5' align='center'>

    <!--css div popup start-->
    <a class="popup_link" onfocus='this.blur();' href="javascript:showTestDetail('div_ft4.12')" >
        error</a>

    <div id='div_ft4.12' class="popup_window">
        <div style='text-align: right; color:red;cursor:pointer'>
        <a onfocus='this.blur();' onclick="document.getElementById('div_ft4.12').style.display = 'none' " >
           [x]</a>
        </div>
        <pre>
        
ft4.12: Traceback (most recent call last):
  File "/home/webdriver_case/bank_test/bank_websitecase/test_chongzhi.py", line 248, in test_ecitic
    login_bank.login_bank(self)
  File "/home/webdriver_case/bank_test/bank_websitecase/public/login_bank.py", line 14, in login_bank
    elements=bank_page.login_page(self)
  File "/home/webdriver_case/bank_test/page_element/bank_page.py", line 33, in login_page
    dengluanniu=driver.find_element_by_css_selector("li input.normalBBtn[type='submit']")
  File "/usr/lib/python2.7/site-packages/selenium-2.45.0-py2.7.egg/selenium/webdriver/remote/webdriver.py", line 376, in find_element_by_css_selector
    return self.find_element(by=By.CSS_SELECTOR, value=css_selector)
  File "/usr/lib/python2.7/site-packages/selenium-2.45.0-py2.7.egg/selenium/webdriver/remote/webdriver.py", line 664, in find_element
    {'using': by, 'value': value})['value']
  File "/usr/lib/python2.7/site-packages/selenium-2.45.0-py2.7.egg/selenium/webdriver/remote/webdriver.py", line 175, in execute
    self.error_handler.check_response(response)
  File "/usr/lib/python2.7/site-packages/selenium-2.45.0-py2.7.egg/selenium/webdriver/remote/errorhandler.py", line 166, in check_response
    raise exception_class(message, screen, stacktrace)
NoSuchElementException: Message: Unable to locate element: {"method":"css selector","selector":"li input.normalBBtn[type='submit']"}
For documentation on this error, please visit: http://seleniumhq.org/exceptions/no_such_element.html
Build info: version: '2.45.0', revision: '5017cb8', time: '2015-02-26 23:59:50'
System info: host: 'win7Test01', ip: '172.17.2.136', os.name: 'Windows 7', os.arch: 'amd64', os.version: '6.1', java.version: '1.7.0_40'
Driver info: driver.version: unknown
Screenshot: available via screen
Stacktrace:
    at &lt;anonymous class&gt;.FirefoxDriver.prototype.findElementInternal_ (file:///C:/Users/ADMINI~1/AppData/Local/Temp/anonymous7523197110283803343webdriver-profile/extensions/fxdriver@googlecode.com/components/driver-component.js:10271)
    at &lt;anonymous class&gt;.fxdriver.Timer.prototype.setTimeout/&lt;.notify (file:///C:/Users/ADMINI~1/AppData/Local/Temp/anonymous7523197110283803343webdriver-profile/extensions/fxdriver@googlecode.com/components/driver-component.js:603)


        </pre>
    </div>
    <!--css div popup end-->

    </td>
</tr>

<tr id='ft4.13' class='none'>
    <td class='errorCase'><div class='testcase'>test_gdb: 跳转广发银行</div></td>
    <td colspan='5' align='center'>

    <!--css div popup start-->
    <a class="popup_link" onfocus='this.blur();' href="javascript:showTestDetail('div_ft4.13')" >
        error</a>

    <div id='div_ft4.13' class="popup_window">
        <div style='text-align: right; color:red;cursor:pointer'>
        <a onfocus='this.blur();' onclick="document.getElementById('div_ft4.13').style.display = 'none' " >
           [x]</a>
        </div>
        <pre>
        
ft4.13: Traceback (most recent call last):
  File "/home/webdriver_case/bank_test/bank_websitecase/test_chongzhi.py", line 223, in test_gdb
    login_bank.login_bank(self)
  File "/home/webdriver_case/bank_test/bank_websitecase/public/login_bank.py", line 14, in login_bank
    elements=bank_page.login_page(self)
  File "/home/webdriver_case/bank_test/page_element/bank_page.py", line 33, in login_page
    dengluanniu=driver.find_element_by_css_selector("li input.normalBBtn[type='submit']")
  File "/usr/lib/python2.7/site-packages/selenium-2.45.0-py2.7.egg/selenium/webdriver/remote/webdriver.py", line 376, in find_element_by_css_selector
    return self.find_element(by=By.CSS_SELECTOR, value=css_selector)
  File "/usr/lib/python2.7/site-packages/selenium-2.45.0-py2.7.egg/selenium/webdriver/remote/webdriver.py", line 664, in find_element
    {'using': by, 'value': value})['value']
  File "/usr/lib/python2.7/site-packages/selenium-2.45.0-py2.7.egg/selenium/webdriver/remote/webdriver.py", line 175, in execute
    self.error_handler.check_response(response)
  File "/usr/lib/python2.7/site-packages/selenium-2.45.0-py2.7.egg/selenium/webdriver/remote/errorhandler.py", line 166, in check_response
    raise exception_class(message, screen, stacktrace)
NoSuchElementException: Message: Unable to locate element: {"method":"css selector","selector":"li input.normalBBtn[type='submit']"}
For documentation on this error, please visit: http://seleniumhq.org/exceptions/no_such_element.html
Build info: version: '2.45.0', revision: '5017cb8', time: '2015-02-26 23:59:50'
System info: host: 'win7Test01', ip: '172.17.2.136', os.name: 'Windows 7', os.arch: 'amd64', os.version: '6.1', java.version: '1.7.0_40'
Driver info: driver.version: unknown
Screenshot: available via screen
Stacktrace:
    at &lt;anonymous class&gt;.FirefoxDriver.prototype.findElementInternal_ (file:///C:/Users/ADMINI~1/AppData/Local/Temp/anonymous4090430708066349746webdriver-profile/extensions/fxdriver@googlecode.com/components/driver-component.js:10271)
    at &lt;anonymous class&gt;.fxdriver.Timer.prototype.setTimeout/&lt;.notify (file:///C:/Users/ADMINI~1/AppData/Local/Temp/anonymous4090430708066349746webdriver-profile/extensions/fxdriver@googlecode.com/components/driver-component.js:603)


        </pre>
    </div>
    <!--css div popup end-->

    </td>
</tr>

<tr id='ft4.14' class='none'>
    <td class='errorCase'><div class='testcase'>test_icbc: 跳转工商银行</div></td>
    <td colspan='5' align='center'>

    <!--css div popup start-->
    <a class="popup_link" onfocus='this.blur();' href="javascript:showTestDetail('div_ft4.14')" >
        error</a>

    <div id='div_ft4.14' class="popup_window">
        <div style='text-align: right; color:red;cursor:pointer'>
        <a onfocus='this.blur();' onclick="document.getElementById('div_ft4.14').style.display = 'none' " >
           [x]</a>
        </div>
        <pre>
        
ft4.14: Traceback (most recent call last):
  File "/home/webdriver_case/bank_test/bank_websitecase/test_chongzhi.py", line 24, in test_icbc
    login_bank.login_bank(self)
  File "/home/webdriver_case/bank_test/bank_websitecase/public/login_bank.py", line 14, in login_bank
    elements=bank_page.login_page(self)
  File "/home/webdriver_case/bank_test/page_element/bank_page.py", line 33, in login_page
    dengluanniu=driver.find_element_by_css_selector("li input.normalBBtn[type='submit']")
  File "/usr/lib/python2.7/site-packages/selenium-2.45.0-py2.7.egg/selenium/webdriver/remote/webdriver.py", line 376, in find_element_by_css_selector
    return self.find_element(by=By.CSS_SELECTOR, value=css_selector)
  File "/usr/lib/python2.7/site-packages/selenium-2.45.0-py2.7.egg/selenium/webdriver/remote/webdriver.py", line 664, in find_element
    {'using': by, 'value': value})['value']
  File "/usr/lib/python2.7/site-packages/selenium-2.45.0-py2.7.egg/selenium/webdriver/remote/webdriver.py", line 175, in execute
    self.error_handler.check_response(response)
  File "/usr/lib/python2.7/site-packages/selenium-2.45.0-py2.7.egg/selenium/webdriver/remote/errorhandler.py", line 166, in check_response
    raise exception_class(message, screen, stacktrace)
NoSuchElementException: Message: Unable to locate element: {"method":"css selector","selector":"li input.normalBBtn[type='submit']"}
For documentation on this error, please visit: http://seleniumhq.org/exceptions/no_such_element.html
Build info: version: '2.45.0', revision: '5017cb8', time: '2015-02-26 23:59:50'
System info: host: 'win7Test01', ip: '172.17.2.136', os.name: 'Windows 7', os.arch: 'amd64', os.version: '6.1', java.version: '1.7.0_40'
Driver info: driver.version: unknown
Screenshot: available via screen
Stacktrace:
    at &lt;anonymous class&gt;.FirefoxDriver.prototype.findElementInternal_ (file:///C:/Users/ADMINI~1/AppData/Local/Temp/anonymous7558899258460677784webdriver-profile/extensions/fxdriver@googlecode.com/components/driver-component.js:10271)
    at &lt;anonymous class&gt;.fxdriver.Timer.prototype.setTimeout/&lt;.notify (file:///C:/Users/ADMINI~1/AppData/Local/Temp/anonymous7558899258460677784webdriver-profile/extensions/fxdriver@googlecode.com/components/driver-component.js:603)


        </pre>
    </div>
    <!--css div popup end-->

    </td>
</tr>

<tr id='ft4.15' class='none'>
    <td class='errorCase'><div class='testcase'>test_nbb: 跳转宁波银行</div></td>
    <td colspan='5' align='center'>

    <!--css div popup start-->
    <a class="popup_link" onfocus='this.blur();' href="javascript:showTestDetail('div_ft4.15')" >
        error</a>

    <div id='div_ft4.15' class="popup_window">
        <div style='text-align: right; color:red;cursor:pointer'>
        <a onfocus='this.blur();' onclick="document.getElementById('div_ft4.15').style.display = 'none' " >
           [x]</a>
        </div>
        <pre>
        
ft4.15: Traceback (most recent call last):
  File "/home/webdriver_case/bank_test/bank_websitecase/test_chongzhi.py", line 300, in test_nbb
    login_bank.login_bank(self)
  File "/home/webdriver_case/bank_test/bank_websitecase/public/login_bank.py", line 14, in login_bank
    elements=bank_page.login_page(self)
  File "/home/webdriver_case/bank_test/page_element/bank_page.py", line 33, in login_page
    dengluanniu=driver.find_element_by_css_selector("li input.normalBBtn[type='submit']")
  File "/usr/lib/python2.7/site-packages/selenium-2.45.0-py2.7.egg/selenium/webdriver/remote/webdriver.py", line 376, in find_element_by_css_selector
    return self.find_element(by=By.CSS_SELECTOR, value=css_selector)
  File "/usr/lib/python2.7/site-packages/selenium-2.45.0-py2.7.egg/selenium/webdriver/remote/webdriver.py", line 664, in find_element
    {'using': by, 'value': value})['value']
  File "/usr/lib/python2.7/site-packages/selenium-2.45.0-py2.7.egg/selenium/webdriver/remote/webdriver.py", line 175, in execute
    self.error_handler.check_response(response)
  File "/usr/lib/python2.7/site-packages/selenium-2.45.0-py2.7.egg/selenium/webdriver/remote/errorhandler.py", line 166, in check_response
    raise exception_class(message, screen, stacktrace)
NoSuchElementException: Message: Unable to locate element: {"method":"css selector","selector":"li input.normalBBtn[type='submit']"}
For documentation on this error, please visit: http://seleniumhq.org/exceptions/no_such_element.html
Build info: version: '2.45.0', revision: '5017cb8', time: '2015-02-26 23:59:50'
System info: host: 'win7Test01', ip: '172.17.2.136', os.name: 'Windows 7', os.arch: 'amd64', os.version: '6.1', java.version: '1.7.0_40'
Driver info: driver.version: unknown
Screenshot: available via screen
Stacktrace:
    at &lt;anonymous class&gt;.FirefoxDriver.prototype.findElementInternal_ (file:///C:/Users/ADMINI~1/AppData/Local/Temp/anonymous1355377456110780434webdriver-profile/extensions/fxdriver@googlecode.com/components/driver-component.js:10271)
    at &lt;anonymous class&gt;.fxdriver.Timer.prototype.setTimeout/&lt;.notify (file:///C:/Users/ADMINI~1/AppData/Local/Temp/anonymous1355377456110780434webdriver-profile/extensions/fxdriver@googlecode.com/components/driver-component.js:603)


        </pre>
    </div>
    <!--css div popup end-->

    </td>
</tr>

<tr id='ft4.16' class='none'>
    <td class='errorCase'><div class='testcase'>test_njcb: 跳转南京银行</div></td>
    <td colspan='5' align='center'>

    <!--css div popup start-->
    <a class="popup_link" onfocus='this.blur();' href="javascript:showTestDetail('div_ft4.16')" >
        error</a>

    <div id='div_ft4.16' class="popup_window">
        <div style='text-align: right; color:red;cursor:pointer'>
        <a onfocus='this.blur();' onclick="document.getElementById('div_ft4.16').style.display = 'none' " >
           [x]</a>
        </div>
        <pre>
        
ft4.16: Traceback (most recent call last):
  File "/home/webdriver_case/bank_test/bank_websitecase/test_chongzhi.py", line 351, in test_njcb
    login_bank.login_bank(self)
  File "/home/webdriver_case/bank_test/bank_websitecase/public/login_bank.py", line 14, in login_bank
    elements=bank_page.login_page(self)
  File "/home/webdriver_case/bank_test/page_element/bank_page.py", line 33, in login_page
    dengluanniu=driver.find_element_by_css_selector("li input.normalBBtn[type='submit']")
  File "/usr/lib/python2.7/site-packages/selenium-2.45.0-py2.7.egg/selenium/webdriver/remote/webdriver.py", line 376, in find_element_by_css_selector
    return self.find_element(by=By.CSS_SELECTOR, value=css_selector)
  File "/usr/lib/python2.7/site-packages/selenium-2.45.0-py2.7.egg/selenium/webdriver/remote/webdriver.py", line 664, in find_element
    {'using': by, 'value': value})['value']
  File "/usr/lib/python2.7/site-packages/selenium-2.45.0-py2.7.egg/selenium/webdriver/remote/webdriver.py", line 175, in execute
    self.error_handler.check_response(response)
  File "/usr/lib/python2.7/site-packages/selenium-2.45.0-py2.7.egg/selenium/webdriver/remote/errorhandler.py", line 166, in check_response
    raise exception_class(message, screen, stacktrace)
NoSuchElementException: Message: Unable to locate element: {"method":"css selector","selector":"li input.normalBBtn[type='submit']"}
For documentation on this error, please visit: http://seleniumhq.org/exceptions/no_such_element.html
Build info: version: '2.45.0', revision: '5017cb8', time: '2015-02-26 23:59:50'
System info: host: 'win7Test01', ip: '172.17.2.136', os.name: 'Windows 7', os.arch: 'amd64', os.version: '6.1', java.version: '1.7.0_40'
Driver info: driver.version: unknown
Screenshot: available via screen
Stacktrace:
    at &lt;anonymous class&gt;.FirefoxDriver.prototype.findElementInternal_ (file:///C:/Users/ADMINI~1/AppData/Local/Temp/anonymous4193615581511507102webdriver-profile/extensions/fxdriver@googlecode.com/components/driver-component.js:10271)
    at &lt;anonymous class&gt;.fxdriver.Timer.prototype.setTimeout/&lt;.notify (file:///C:/Users/ADMINI~1/AppData/Local/Temp/anonymous4193615581511507102webdriver-profile/extensions/fxdriver@googlecode.com/components/driver-component.js:603)


        </pre>
    </div>
    <!--css div popup end-->

    </td>
</tr>

<tr class='errorClass'>
    <td>bank_websitecase.test_bank_link.Home_link</td>
    <td>6</td>
    <td>2</td>
    <td>1</td>
    <td>3</td>
    <td><a href="javascript:showClassDetail('c5',6)">Detail</a></td>
</tr>

<tr id='ft5.1' class='none'>
    <td class='errorCase'><div class='testcase'>test_bank_login: 验证银行登录</div></td>
    <td colspan='5' align='center'>

    <!--css div popup start-->
    <a class="popup_link" onfocus='this.blur();' href="javascript:showTestDetail('div_ft5.1')" >
        error</a>

    <div id='div_ft5.1' class="popup_window">
        <div style='text-align: right; color:red;cursor:pointer'>
        <a onfocus='this.blur();' onclick="document.getElementById('div_ft5.1').style.display = 'none' " >
           [x]</a>
        </div>
        <pre>
        
ft5.1: Traceback (most recent call last):
  File "/home/webdriver_case/bank_test/bank_websitecase/test_bank_link.py", line 47, in test_bank_login
    login_bank.login_bank(self)
  File "/home/webdriver_case/bank_test/bank_websitecase/public/login_bank.py", line 14, in login_bank
    elements=bank_page.login_page(self)
  File "/home/webdriver_case/bank_test/page_element/bank_page.py", line 33, in login_page
    dengluanniu=driver.find_element_by_css_selector("li input.normalBBtn[type='submit']")
  File "/usr/lib/python2.7/site-packages/selenium-2.45.0-py2.7.egg/selenium/webdriver/remote/webdriver.py", line 376, in find_element_by_css_selector
    return self.find_element(by=By.CSS_SELECTOR, value=css_selector)
  File "/usr/lib/python2.7/site-packages/selenium-2.45.0-py2.7.egg/selenium/webdriver/remote/webdriver.py", line 664, in find_element
    {'using': by, 'value': value})['value']
  File "/usr/lib/python2.7/site-packages/selenium-2.45.0-py2.7.egg/selenium/webdriver/remote/webdriver.py", line 175, in execute
    self.error_handler.check_response(response)
  File "/usr/lib/python2.7/site-packages/selenium-2.45.0-py2.7.egg/selenium/webdriver/remote/errorhandler.py", line 166, in check_response
    raise exception_class(message, screen, stacktrace)
NoSuchElementException: Message: Unable to locate element: {"method":"css selector","selector":"li input.normalBBtn[type='submit']"}
For documentation on this error, please visit: http://seleniumhq.org/exceptions/no_such_element.html
Build info: version: '2.45.0', revision: '5017cb8', time: '2015-02-26 23:59:50'
System info: host: 'win7Test01', ip: '172.17.2.136', os.name: 'Windows 7', os.arch: 'amd64', os.version: '6.1', java.version: '1.7.0_40'
Driver info: driver.version: unknown
Screenshot: available via screen
Stacktrace:
    at &lt;anonymous class&gt;.FirefoxDriver.prototype.findElementInternal_ (file:///C:/Users/ADMINI~1/AppData/Local/Temp/anonymous3494540785323847234webdriver-profile/extensions/fxdriver@googlecode.com/components/driver-component.js:10271)
    at &lt;anonymous class&gt;.fxdriver.Timer.prototype.setTimeout/&lt;.notify (file:///C:/Users/ADMINI~1/AppData/Local/Temp/anonymous3494540785323847234webdriver-profile/extensions/fxdriver@googlecode.com/components/driver-component.js:603)


        </pre>
    </div>
    <!--css div popup end-->

    </td>
</tr>

<tr id='pt5.2' class='hiddenRow'>
    <td class='none'><div class='testcase'>test_home: 首页非500</div></td>
    <td colspan='5' align='center'>pass</td>
</tr>

<tr id='ft5.3' class='none'>
    <td class='failCase'><div class='testcase'>test_home_link: 判断银行首页跳转银行页是否正确</div></td>
    <td colspan='5' align='center'>

    <!--css div popup start-->
    <a class="popup_link" onfocus='this.blur();' href="javascript:showTestDetail('div_ft5.3')" >
        fail</a>

    <div id='div_ft5.3' class="popup_window">
        <div style='text-align: right; color:red;cursor:pointer'>
        <a onfocus='this.blur();' onclick="document.getElementById('div_ft5.3').style.display = 'none' " >
           [x]</a>
        </div>
        <pre>
        
ft5.3: Traceback (most recent call last):
  File "/home/webdriver_case/bank_test/bank_websitecase/test_bank_link.py", line 42, in test_home_link
    self.assertEqual(current_url, link_url, u"è·³è½¬å¤±è´¥")
AssertionError: \u8df3\u8f6c\u5931\u8d25


        </pre>
    </div>
    <!--css div popup end-->

    </td>
</tr>

<tr id='ft5.4' class='none'>
    <td class='errorCase'><div class='testcase'>test_message: message页面是否正常</div></td>
    <td colspan='5' align='center'>

    <!--css div popup start-->
    <a class="popup_link" onfocus='this.blur();' href="javascript:showTestDetail('div_ft5.4')" >
        error</a>

    <div id='div_ft5.4' class="popup_window">
        <div style='text-align: right; color:red;cursor:pointer'>
        <a onfocus='this.blur();' onclick="document.getElementById('div_ft5.4').style.display = 'none' " >
           [x]</a>
        </div>
        <pre>
        
ft5.4: Traceback (most recent call last):
  File "/home/webdriver_case/bank_test/bank_websitecase/test_bank_link.py", line 68, in test_message
    login_bank.login_bank(self)
  File "/home/webdriver_case/bank_test/bank_websitecase/public/login_bank.py", line 14, in login_bank
    elements=bank_page.login_page(self)
  File "/home/webdriver_case/bank_test/page_element/bank_page.py", line 33, in login_page
    dengluanniu=driver.find_element_by_css_selector("li input.normalBBtn[type='submit']")
  File "/usr/lib/python2.7/site-packages/selenium-2.45.0-py2.7.egg/selenium/webdriver/remote/webdriver.py", line 376, in find_element_by_css_selector
    return self.find_element(by=By.CSS_SELECTOR, value=css_selector)
  File "/usr/lib/python2.7/site-packages/selenium-2.45.0-py2.7.egg/selenium/webdriver/remote/webdriver.py", line 664, in find_element
    {'using': by, 'value': value})['value']
  File "/usr/lib/python2.7/site-packages/selenium-2.45.0-py2.7.egg/selenium/webdriver/remote/webdriver.py", line 175, in execute
    self.error_handler.check_response(response)
  File "/usr/lib/python2.7/site-packages/selenium-2.45.0-py2.7.egg/selenium/webdriver/remote/errorhandler.py", line 166, in check_response
    raise exception_class(message, screen, stacktrace)
NoSuchElementException: Message: Unable to locate element: {"method":"css selector","selector":"li input.normalBBtn[type='submit']"}
For documentation on this error, please visit: http://seleniumhq.org/exceptions/no_such_element.html
Build info: version: '2.45.0', revision: '5017cb8', time: '2015-02-26 23:59:50'
System info: host: 'win7Test01', ip: '172.17.2.136', os.name: 'Windows 7', os.arch: 'amd64', os.version: '6.1', java.version: '1.7.0_40'
Driver info: driver.version: unknown
Screenshot: available via screen
Stacktrace:
    at &lt;anonymous class&gt;.FirefoxDriver.prototype.findElementInternal_ (file:///C:/Users/ADMINI~1/AppData/Local/Temp/anonymous3236961723090502525webdriver-profile/extensions/fxdriver@googlecode.com/components/driver-component.js:10271)
    at &lt;anonymous class&gt;.fxdriver.Timer.prototype.setTimeout/&lt;.notify (file:///C:/Users/ADMINI~1/AppData/Local/Temp/anonymous3236961723090502525webdriver-profile/extensions/fxdriver@googlecode.com/components/driver-component.js:603)


        </pre>
    </div>
    <!--css div popup end-->

    </td>
</tr>

<tr id='pt5.5' class='hiddenRow'>
    <td class='none'><div class='testcase'>test_register: 注册页面是否正常</div></td>
    <td colspan='5' align='center'>pass</td>
</tr>

<tr id='ft5.6' class='none'>
    <td class='errorCase'><div class='testcase'>test_zhanghaocuowu: 测试账号密码错误用户登录</div></td>
    <td colspan='5' align='center'>

    <!--css div popup start-->
    <a class="popup_link" onfocus='this.blur();' href="javascript:showTestDetail('div_ft5.6')" >
        error</a>

    <div id='div_ft5.6' class="popup_window">
        <div style='text-align: right; color:red;cursor:pointer'>
        <a onfocus='this.blur();' onclick="document.getElementById('div_ft5.6').style.display = 'none' " >
           [x]</a>
        </div>
        <pre>
        
ft5.6: Traceback (most recent call last):
  File "/home/webdriver_case/bank_test/bank_websitecase/test_bank_link.py", line 56, in test_zhanghaocuowu
    elements=bank_page.login_page(self)
  File "/home/webdriver_case/bank_test/page_element/bank_page.py", line 33, in login_page
    dengluanniu=driver.find_element_by_css_selector("li input.normalBBtn[type='submit']")
  File "/usr/lib/python2.7/site-packages/selenium-2.45.0-py2.7.egg/selenium/webdriver/remote/webdriver.py", line 376, in find_element_by_css_selector
    return self.find_element(by=By.CSS_SELECTOR, value=css_selector)
  File "/usr/lib/python2.7/site-packages/selenium-2.45.0-py2.7.egg/selenium/webdriver/remote/webdriver.py", line 664, in find_element
    {'using': by, 'value': value})['value']
  File "/usr/lib/python2.7/site-packages/selenium-2.45.0-py2.7.egg/selenium/webdriver/remote/webdriver.py", line 175, in execute
    self.error_handler.check_response(response)
  File "/usr/lib/python2.7/site-packages/selenium-2.45.0-py2.7.egg/selenium/webdriver/remote/errorhandler.py", line 166, in check_response
    raise exception_class(message, screen, stacktrace)
NoSuchElementException: Message: Unable to locate element: {"method":"css selector","selector":"li input.normalBBtn[type='submit']"}
For documentation on this error, please visit: http://seleniumhq.org/exceptions/no_such_element.html
Build info: version: '2.45.0', revision: '5017cb8', time: '2015-02-26 23:59:50'
System info: host: 'win7Test01', ip: '172.17.2.136', os.name: 'Windows 7', os.arch: 'amd64', os.version: '6.1', java.version: '1.7.0_40'
Driver info: driver.version: unknown
Screenshot: available via screen
Stacktrace:
    at &lt;anonymous class&gt;.FirefoxDriver.prototype.findElementInternal_ (file:///C:/Users/ADMINI~1/AppData/Local/Temp/anonymous5291002677326644216webdriver-profile/extensions/fxdriver@googlecode.com/components/driver-component.js:10271)
    at &lt;anonymous class&gt;.fxdriver.Timer.prototype.setTimeout/&lt;.notify (file:///C:/Users/ADMINI~1/AppData/Local/Temp/anonymous5291002677326644216webdriver-profile/extensions/fxdriver@googlecode.com/components/driver-component.js:603)


        </pre>
    </div>
    <!--css div popup end-->

    </td>
</tr>

<tr id='total_row'>
    <td>Total</td>
    <td>27</td>
    <td>3</td>
    <td>1</td>
    <td>23</td>
    <td>&nbsp;</td>
</tr>
</table>

<div id='ending'>&nbsp;</div>

</body>
</html>
